<?xml version="1.0" encoding="UTF-8"?>
<!-- Generated by org.testng.reporters.JUnitReportReporter -->
<testsuite hostname="SHLOKMSI" failures="0" tests="1" name="testingbaba.TestingBabaFirst" time="5.203" errors="0" timestamp="2025-05-16T20:46:15 IST" skipped="0">
  <testcase classname="testingbaba.TestingBabaFirst" name="launchurl" time="5.203"/>
</testsuite> <!-- testingbaba.TestingBabaFirst -->
